build/app/outputs/mapping/release/seeds.txt
com.jumpq.jump_q.MainActivity
com.jumpq.jump_q.MainActivity: MainActivity()
...
com.google.android.gms.common.internal.zat: android.os.Parcelable$Creator CREATOR
me.zhanghai.android.materialprogressbar.R$id: int action_divider
com.google.photos.vision.barhopper.zzt: java.lang.String zzr
com.google.photos.vision.barhopper.zzaa: java.lang.String zzn
me.zhanghai.android.materialprogressbar.R$dimen: int abc_dialog_padding_material
com.google.android.gms.internal.firebase-auth-api.zzkx: int zzd
me.zhanghai.android.materialprogressbar.BuildConfig: java.lang.String BUILD_TYPE
me.zhanghai.android.materialprogressbar.R$style: int Base_TextAppearance_AppCompat_Caption
com.google.android.gms.internal.mlkit_vision_barcode_bundled.zzih: java.lang.String zzm
androidx.window.layout.SidecarCompat$DistinctSidecarElementCallback: androidx.window.layout.SidecarAdapter sidecarAdapter
me.zhanghai.android.materialprogressbar.R$styleable: int GradientColor_android_startColor
me.zhanghai.android.materialprogressbar.BaseSingleCircularProgressDrawable: android.graphics.RectF RECT_BOUND
com.google.android.gms.internal.mlkit_vision_barcode_bundled.zzay: android.os.Parcelable$Creator CREATOR
com.google.android.libraries.barhopper.OnedRecognitionOptions: int code39MinCodeLength
me.zhanghai.android.materialprogressbar.R$style: int Base_TextAppearance_AppCompat_Widget_DropDownItem
com.dexterous.flutterlocalnotifications.models.NotificationDetails: java.lang.String PLATFORM_SPECIFICS
com.google.android.gms.internal.measurement.zzgd: int zzC
com.google.android.gms.internal.mlkit_vision_barcode_bundled.zzjc: com.google.android.gms.internal.mlkit_vision_barcode_bundled.zzim zzo
me.zhanghai.android.materialprogressbar.R$styleable: int AppCompatTheme_actionBarTabTextStyle
com.google.android.gms.internal.measurement.zzem: com.google.android.gms.internal.measurement.zzem zza
com.dexterous.flutterlocalnotifications.models.NotificationDetails: java.lang.String ADDITIONAL_FLAGS
kotlinx.coroutines.scheduling.WorkQueue: int consumerIndex
com.google.android.gms.internal.mlkit_vision_barcode_bundled.zzim: int zzh
me.zhanghai.android.materialprogressbar.MaterialProgressBar: java.lang.String TAG
com.google.android.gms.measurement.internal.zzac: android.os.Parcelable$Creator CREATOR
com.dexterous.flutterlocalnotifications.models.NotificationChannelGroupDetails: java.lang.String ID
com.google.android.gms.internal.firebase-auth-api.zzzp: android.os.Parcelable$Creator CREATOR
com.dexterous.flutterlocalnotifications.RepeatInterval: com.dexterous.flutterlocalnotifications.RepeatInterval Weekly
me.zhanghai.android.materialprogressbar.R$style: int Base_TextAppearance_AppCompat_Widget_Switch
com.google.android.gms.internal.mlkit_vision_barcode_bundled.zzm: java.lang.String zzg
com.google.android.gms.internal.firebase-auth-api.zzok: com.google.android.gms.internal.firebase-auth-api.zzadk zze
me.zhanghai.android.materialprogressbar.R$string: int abc_activity_chooser_view_see_all
me.zhanghai.android.materialprogressbar.R$id: int submit_area
me.zhanghai.android.materialprogressbar.R$attr: int voiceIcon
me.zhanghai.android.materialprogressbar.R$styleable: int TextAppearance_android_shadowRadius
me.zhanghai.android.materialprogressbar.R$attr: int alphabeticModifiers
me.zhanghai.android.materialprogressbar.R$style: int TextAppearance_AppCompat_Display1
com.google.photos.vision.barhopper.zzaa: java.lang.String zzh
me.zhanghai.android.materialprogressbar.R$color: int primary_text_disabled_material_light
com.dexterous.flutterlocalnotifications.models.NotificationDetails: java.lang.Integer iconResourceId
com.dexterous.flutterlocalnotifications.FlutterLocalNotificationsPlugin: io.flutter.plugin.common.MethodChannel channel
me.zhanghai.android.materialprogressbar.R$styleable: int AppCompatTheme_colorControlActivated
me.zhanghai.android.materialprogressbar.R$dimen: int notification_small_icon_size_as_large
com.google.android.gms.internal.measurement.zzei: boolean zzh
me.zhanghai.android.materialprogressbar.R$id: int right