build/app/outputs/mapping/release/usage.txt
com.jumpq.jump_q.BuildConfig
com.jumpq.jump_q.R$anim
com.jumpq.jump_q.R$animator
com.jumpq.jump_q.R$array
com.jumpq.jump_q.R$attr
com.jumpq.jump_q.R$bool
com.jumpq.jump_q.R$color
com.jumpq.jump_q.R$dimen
com.jumpq.jump_q.R$drawable
com.jumpq.jump_q.R$id
com.jumpq.jump_q.R$integer
com.jumpq.jump_q.R$interpolator
com.jumpq.jump_q.R$layout
com.jumpq.jump_q.R$mipmap
com.jumpq.jump_q.R$plurals
com.jumpq.jump_q.R$raw
com.jumpq.jump_q.R$string
com.jumpq.jump_q.R$style
com.jumpq.jump_q.R$styleable
com.jumpq.jump_q.R$xml
com.jumpq.jump_q.R
...
kotlinx.coroutines.AwaitKt
kotlinx.coroutines.BlockingCoroutine
kotlinx.coroutines.BuildersKt:
    public static final kotlinx.coroutines.Deferred async(kotlinx.coroutines.CoroutineScope,kotlin.coroutines.CoroutineContext,kotlinx.coroutines.CoroutineStart,kotlin.jvm.functions.Function2)
    public static synthetic kotlinx.coroutines.Deferred async$default(kotlinx.coroutines.CoroutineScope,kotlin.coroutines.CoroutineContext,kotlinx.coroutines.CoroutineStart,kotlin.jvm.functions.Function2,int,java.lang.Object)
    public static final java.lang.Object invoke(kotlinx.coroutines.CoroutineDispatcher,kotlin.jvm.functions.Function2,kotlin.coroutines.Continuation)
    public static final java.lang.Object runBlocking(kotlin.coroutines.CoroutineContext,kotlin.jvm.functions.Function2)
    public static synthetic java.lang.Object runBlocking$default(kotlin.coroutines.CoroutineContext,kotlin.jvm.functions.Function2,int,java.lang.Object)
    public static final java.lang.Object withContext(kotlin.coroutines.CoroutineContext,kotlin.jvm.functions.Function2,kotlin.coroutines.Continuation)
kotlinx.coroutines.BuildersKt__BuildersKt
kotlinx.coroutines.BuildersKt__Builders_commonKt:
    private static final int RESUMED
    private static final int SUSPENDED
    private static final int UNDECIDED
    public static final kotlinx.coroutines.Deferred async(kotlinx.coroutines.CoroutineScope,kotlin.coroutines.CoroutineContext,kotlinx.coroutines.CoroutineStart,kotlin.jvm.functions.Function2)
    public static synthetic kotlinx.coroutines.Deferred async$default(kotlinx.coroutines.CoroutineScope,kotlin.coroutines.CoroutineContext,kotlinx.coroutines.CoroutineStart,kotlin.jvm.functions.Function2,int,java.lang.Object)
    public static final java.lang.Object invoke(kotlinx.coroutines.CoroutineDispatcher,kotlin.jvm.functions.Function2,kotlin.coroutines.Continuation)
    private static final java.lang.Object invoke$$forInline(kotlinx.coroutines.CoroutineDispatcher,kotlin.jvm.functions.Function2,kotlin.coroutines.Continuation)
    public static final java.lang.Object withContext(kotlin.coroutines.CoroutineContext,kotlin.jvm.functions.Function2,kotlin.coroutines.Continuation)
kotlinx.coroutines.CancelFutureOnCancel
kotlinx.coroutines.CancelFutureOnCompletion
kotlinx.coroutines.CancellableContinuation$DefaultImpls:
    public static synthetic boolean cancel$default(kotlinx.coroutines.CancellableContinuation,java.lang.Throwable,int,java.lang.Object)
kotlinx.coroutines.CancellableContinuation:
    public abstract boolean cancel(java.lang.Throwable)
    public abstract void initCancellability()
    public abstract boolean isActive()
    public abstract boolean isCancelled()
    public abstract boolean isCompleted()
    public abstract void resumeUndispatched(kotlinx.coroutines.CoroutineDispatcher,java.lang.Object)
    public abstract void resumeUndispatchedWithException(kotlinx.coroutines.CoroutineDispatcher,java.lang.Throwable)
kotlinx.coroutines.CancellableContinuationImpl:
    private final void callCancelHandlerSafely(kotlin.jvm.functions.Function0)
    public void initCancellability()
    public boolean isActive()
    public boolean isCancelled()
    public boolean isCompleted()
    public void resumeUndispatched(kotlinx.coroutines.CoroutineDispatcher,java.lang.Object)
    public void resumeUndispatchedWithException(kotlinx.coroutines.CoroutineDispatcher,java.lang.Throwable)
kotlinx.coroutines.CancellableContinuationImplKt:
    private static final int RESUMED
    private static final int SUSPENDED
    private static final int UNDECIDED
    public static synthetic void getRESUME_TOKEN$annotations()